{"/Users/forrest/Desktop/projects/vsrx/packages/@vsrx/react/src/ui/Button/Button.tsx": {"path":"/Users/forrest/Desktop/projects/vsrx/packages/@vsrx/react/src/ui/Button/Button.tsx","statementMap":{"0":{"start":{"line":1,"column":0},"end":{"line":1,"column":26}},"1":{"start":{"line":2,"column":0},"end":{"line":2,"column":39}},"2":{"start":{"line":8,"column":22},"end":{"line":27,"column":1}},"3":{"start":{"line":9,"column":4},"end":{"line":26,"column":null}},"4":{"start":{"line":11,"column":12},"end":{"line":14,"column":14}},"5":{"start":{"line":16,"column":12},"end":{"line":19,"column":14}},"6":{"start":{"line":22,"column":12},"end":{"line":25,"column":14}},"7":{"start":{"line":29,"column":24},"end":{"line":40,"column":2}},"8":{"start":{"line":42,"column":19},"end":{"line":55,"column":2}},"9":{"start":{"line":57,"column":19},"end":{"line":70,"column":2}},"10":{"start":{"line":72,"column":22},"end":{"line":84,"column":2}},"11":{"start":{"line":86,"column":24},"end":{"line":99,"column":1}},"12":{"start":{"line":87,"column":4},"end":{"line":98,"column":null}},"13":{"start":{"line":89,"column":12},"end":{"line":89,"column":35}},"14":{"start":{"line":91,"column":12},"end":{"line":91,"column":30}},"15":{"start":{"line":93,"column":12},"end":{"line":93,"column":30}},"16":{"start":{"line":95,"column":12},"end":{"line":95,"column":33}},"17":{"start":{"line":97,"column":12},"end":{"line":97,"column":22}},"18":{"start":{"line":101,"column":21},"end":{"line":134,"column":2}},"19":{"start":{"line":132,"column":23},"end":{"line":132,"column":47}},"20":{"start":{"line":133,"column":20},"end":{"line":133,"column":39}},"21":{"start":{"line":142,"column":45},"end":{"line":144,"column":1}},"22":{"start":{"line":142,"column":71},"end":{"line":142,"column":76}},"23":{"start":{"line":142,"column":81},"end":{"line":142,"column":85}},"24":{"start":{"line":143,"column":4},"end":{"line":143,"column":92}},"25":{"start":{"line":142,"column":13},"end":{"line":142,"column":45}}},"fnMap":{"0":{"name":"(anonymous_2)","decl":{"start":{"line":8,"column":22},"end":{"line":8,"column":23}},"loc":{"start":{"line":8,"column":62},"end":{"line":27,"column":1}}},"1":{"name":"(anonymous_3)","decl":{"start":{"line":86,"column":24},"end":{"line":86,"column":25}},"loc":{"start":{"line":86,"column":92},"end":{"line":99,"column":1}}},"2":{"name":"(anonymous_4)","decl":{"start":{"line":132,"column":6},"end":{"line":132,"column":7}},"loc":{"start":{"line":132,"column":23},"end":{"line":132,"column":47}}},"3":{"name":"(anonymous_5)","decl":{"start":{"line":133,"column":6},"end":{"line":133,"column":7}},"loc":{"start":{"line":133,"column":20},"end":{"line":133,"column":39}}},"4":{"name":"(anonymous_6)","decl":{"start":{"line":142,"column":45},"end":{"line":142,"column":46}},"loc":{"start":{"line":142,"column":87},"end":{"line":144,"column":1}}}},"branchMap":{"0":{"loc":{"start":{"line":9,"column":4},"end":{"line":26,"column":null}},"type":"switch","locations":[{"start":{"line":10,"column":8},"end":{"line":14,"column":14}},{"start":{"line":15,"column":8},"end":{"line":19,"column":14}},{"start":{"line":20,"column":8},"end":{"line":20,"column":22}},{"start":{"line":21,"column":8},"end":{"line":25,"column":14}}]},"1":{"loc":{"start":{"line":87,"column":4},"end":{"line":98,"column":null}},"type":"switch","locations":[{"start":{"line":88,"column":8},"end":{"line":89,"column":35}},{"start":{"line":90,"column":8},"end":{"line":91,"column":30}},{"start":{"line":92,"column":8},"end":{"line":93,"column":30}},{"start":{"line":94,"column":8},"end":{"line":95,"column":33}},{"start":{"line":96,"column":8},"end":{"line":97,"column":22}}]}},"s":{"0":1,"1":1,"2":1,"3":11,"4":1,"5":1,"6":9,"7":1,"8":1,"9":1,"10":1,"11":1,"12":11,"13":1,"14":1,"15":1,"16":1,"17":7,"18":1,"19":11,"20":11,"21":1,"22":11,"23":11,"24":11,"25":1},"f":{"0":11,"1":11,"2":11,"3":11,"4":11},"b":{"0":[1,1,1,9],"1":[1,1,1,1,7]}}
,"/Users/forrest/Desktop/projects/vsrx/packages/@vsrx/react/src/ui/Checkbox/Checkbox.tsx": {"path":"/Users/forrest/Desktop/projects/vsrx/packages/@vsrx/react/src/ui/Checkbox/Checkbox.tsx","statementMap":{"0":{"start":{"line":1,"column":0},"end":{"line":1,"column":26}},"1":{"start":{"line":10,"column":49},"end":{"line":17,"column":1}},"2":{"start":{"line":11,"column":2},"end":{"line":16,"column":4}},"3":{"start":{"line":10,"column":13},"end":{"line":10,"column":49}}},"fnMap":{"0":{"name":"(anonymous_1)","decl":{"start":{"line":10,"column":49},"end":{"line":10,"column":50}},"loc":{"start":{"line":10,"column":92},"end":{"line":17,"column":1}}}},"branchMap":{},"s":{"0":1,"1":1,"2":3,"3":1},"f":{"0":3},"b":{}}
,"/Users/forrest/Desktop/projects/vsrx/packages/@vsrx/react/src/ui/Grid/Grid.tsx": {"path":"/Users/forrest/Desktop/projects/vsrx/packages/@vsrx/react/src/ui/Grid/Grid.tsx","statementMap":{"0":{"start":{"line":1,"column":0},"end":{"line":1,"column":26}},"1":{"start":{"line":2,"column":0},"end":{"line":2,"column":39}},"2":{"start":{"line":11,"column":18},"end":{"line":14,"column":2}},"3":{"start":{"line":16,"column":13},"end":{"line":21,"column":2}},"4":{"start":{"line":17,"column":27},"end":{"line":17,"column":50}},"5":{"start":{"line":18,"column":28},"end":{"line":18,"column":51}},"6":{"start":{"line":19,"column":26},"end":{"line":19,"column":43}},"7":{"start":{"line":22,"column":25},"end":{"line":22,"column":55}},"8":{"start":{"line":24,"column":28},"end":{"line":26,"column":1}},"9":{"start":{"line":25,"column":4},"end":{"line":25,"column":46}},"10":{"start":{"line":27,"column":41},"end":{"line":49,"column":1}},"11":{"start":{"line":29,"column":29},"end":{"line":29,"column":50}},"12":{"start":{"line":31,"column":4},"end":{"line":40,"column":null}},"13":{"start":{"line":32,"column":8},"end":{"line":38,"column":null}},"14":{"start":{"line":33,"column":12},"end":{"line":37,"column":14}},"15":{"start":{"line":39,"column":8},"end":{"line":39,"column":49}},"16":{"start":{"line":42,"column":4},"end":{"line":48,"column":6}},"17":{"start":{"line":27,"column":13},"end":{"line":27,"column":41}}},"fnMap":{"0":{"name":"(anonymous_1)","decl":{"start":{"line":17,"column":16},"end":{"line":17,"column":17}},"loc":{"start":{"line":17,"column":27},"end":{"line":17,"column":50}}},"1":{"name":"(anonymous_2)","decl":{"start":{"line":18,"column":17},"end":{"line":18,"column":18}},"loc":{"start":{"line":18,"column":28},"end":{"line":18,"column":51}}},"2":{"name":"(anonymous_3)","decl":{"start":{"line":19,"column":15},"end":{"line":19,"column":16}},"loc":{"start":{"line":19,"column":26},"end":{"line":19,"column":43}}},"3":{"name":"(anonymous_4)","decl":{"start":{"line":24,"column":28},"end":{"line":24,"column":31}},"loc":{"start":{"line":24,"column":33},"end":{"line":26,"column":1}}},"4":{"name":"(anonymous_5)","decl":{"start":{"line":27,"column":41},"end":{"line":27,"column":42}},"loc":{"start":{"line":27,"column":93},"end":{"line":49,"column":1}}}},"branchMap":{"0":{"loc":{"start":{"line":27,"column":55},"end":{"line":27,"column":66}},"type":"default-arg","locations":[{"start":{"line":27,"column":65},"end":{"line":27,"column":66}}]},"1":{"loc":{"start":{"line":27,"column":68},"end":{"line":27,"column":77}},"type":"default-arg","locations":[{"start":{"line":27,"column":75},"end":{"line":27,"column":77}}]},"2":{"loc":{"start":{"line":31,"column":4},"end":{"line":40,"column":null}},"type":"if","locations":[{"start":{"line":31,"column":4},"end":{"line":40,"column":null}}]},"3":{"loc":{"start":{"line":32,"column":8},"end":{"line":38,"column":null}},"type":"if","locations":[{"start":{"line":32,"column":8},"end":{"line":38,"column":null}}]}},"s":{"0":1,"1":1,"2":1,"3":1,"4":1,"5":1,"6":1,"7":1,"8":1,"9":4,"10":1,"11":4,"12":4,"13":3,"14":2,"15":1,"16":1,"17":1},"f":{"0":1,"1":1,"2":1,"3":4,"4":4},"b":{"0":[2],"1":[3],"2":[3],"3":[2]}}
,"/Users/forrest/Desktop/projects/vsrx/packages/@vsrx/react/src/ui/Icon/Icon.tsx": {"path":"/Users/forrest/Desktop/projects/vsrx/packages/@vsrx/react/src/ui/Icon/Icon.tsx","statementMap":{"0":{"start":{"line":1,"column":0},"end":{"line":1,"column":43}},"1":{"start":{"line":2,"column":0},"end":{"line":2,"column":26}},"2":{"start":{"line":209,"column":41},"end":{"line":217,"column":1}},"3":{"start":{"line":210,"column":2},"end":{"line":216,"column":4}},"4":{"start":{"line":209,"column":13},"end":{"line":209,"column":41}}},"fnMap":{"0":{"name":"(anonymous_1)","decl":{"start":{"line":209,"column":41},"end":{"line":209,"column":42}},"loc":{"start":{"line":209,"column":69},"end":{"line":217,"column":1}}}},"branchMap":{"0":{"loc":{"start":{"line":209,"column":54},"end":{"line":209,"column":63}},"type":"default-arg","locations":[{"start":{"line":209,"column":61},"end":{"line":209,"column":63}}]}},"s":{"0":1,"1":1,"2":1,"3":4,"4":1},"f":{"0":4},"b":{"0":[3]}}
,"/Users/forrest/Desktop/projects/vsrx/packages/@vsrx/react/src/ui/Radio/Radio.tsx": {"path":"/Users/forrest/Desktop/projects/vsrx/packages/@vsrx/react/src/ui/Radio/Radio.tsx","statementMap":{"0":{"start":{"line":1,"column":0},"end":{"line":1,"column":41}},"1":{"start":{"line":2,"column":0},"end":{"line":2,"column":39}},"2":{"start":{"line":4,"column":21},"end":{"line":7,"column":2}},"3":{"start":{"line":9,"column":20},"end":{"line":20,"column":2}},"4":{"start":{"line":22,"column":20},"end":{"line":36,"column":2}},"5":{"start":{"line":25,"column":28},"end":{"line":25,"column":60}},"6":{"start":{"line":38,"column":19},"end":{"line":40,"column":2}},"7":{"start":{"line":49,"column":43},"end":{"line":54,"column":null}},"8":{"start":{"line":50,"column":4},"end":{"line":53,"column":null}},"9":{"start":{"line":49,"column":13},"end":{"line":49,"column":43}},"10":{"start":{"line":63,"column":53},"end":{"line":81,"column":1}},"11":{"start":{"line":64,"column":25},"end":{"line":66,"column":5}},"12":{"start":{"line":65,"column":8},"end":{"line":65,"column":24}},"13":{"start":{"line":68,"column":4},"end":{"line":80,"column":6}},"14":{"start":{"line":71,"column":16},"end":{"line":76,"column":null}},"15":{"start":{"line":72,"column":20},"end":{"line":75,"column":23}},"16":{"start":{"line":74,"column":40},"end":{"line":74,"column":107}},"17":{"start":{"line":77,"column":16},"end":{"line":77,"column":29}},"18":{"start":{"line":63,"column":13},"end":{"line":63,"column":53}}},"fnMap":{"0":{"name":"(anonymous_1)","decl":{"start":{"line":25,"column":18},"end":{"line":25,"column":23}},"loc":{"start":{"line":25,"column":28},"end":{"line":25,"column":60}}},"1":{"name":"(anonymous_2)","decl":{"start":{"line":49,"column":43},"end":{"line":49,"column":44}},"loc":{"start":{"line":50,"column":4},"end":{"line":53,"column":null}}},"2":{"name":"(anonymous_3)","decl":{"start":{"line":63,"column":53},"end":{"line":63,"column":54}},"loc":{"start":{"line":63,"column":95},"end":{"line":81,"column":1}}},"3":{"name":"(anonymous_4)","decl":{"start":{"line":64,"column":25},"end":{"line":64,"column":26}},"loc":{"start":{"line":64,"column":43},"end":{"line":66,"column":5}}},"4":{"name":"(anonymous_5)","decl":{"start":{"line":70,"column":42},"end":{"line":70,"column":47}},"loc":{"start":{"line":70,"column":50},"end":{"line":78,"column":13}}},"5":{"name":"(anonymous_6)","decl":{"start":{"line":74,"column":34},"end":{"line":74,"column":37}},"loc":{"start":{"line":74,"column":40},"end":{"line":74,"column":107}}}},"branchMap":{"0":{"loc":{"start":{"line":25,"column":28},"end":{"line":25,"column":60}},"type":"cond-expr","locations":[{"start":{"line":25,"column":44},"end":{"line":25,"column":50}},{"start":{"line":25,"column":53},"end":{"line":25,"column":60}}]},"1":{"loc":{"start":{"line":52,"column":30},"end":{"line":52,"column":46}},"type":"binary-expr","locations":[{"start":{"line":52,"column":30},"end":{"line":52,"column":37}},{"start":{"line":52,"column":41},"end":{"line":52,"column":46}}]},"2":{"loc":{"start":{"line":71,"column":16},"end":{"line":76,"column":null}},"type":"if","locations":[{"start":{"line":71,"column":16},"end":{"line":76,"column":null}}]},"3":{"loc":{"start":{"line":71,"column":20},"end":{"line":71,"column":71}},"type":"binary-expr","locations":[{"start":{"line":71,"column":20},"end":{"line":71,"column":47}},{"start":{"line":71,"column":51},"end":{"line":71,"column":71}}]}},"s":{"0":1,"1":1,"2":1,"3":1,"4":1,"5":11,"6":1,"7":1,"8":11,"9":1,"10":1,"11":4,"12":1,"13":4,"14":8,"15":8,"16":1,"17":0,"18":1},"f":{"0":11,"1":11,"2":4,"3":1,"4":8,"5":1},"b":{"0":[4,7],"1":[11,7],"2":[8],"3":[8,8]}}
,"/Users/forrest/Desktop/projects/vsrx/packages/@vsrx/react/src/ui/Typography/Typography.tsx": {"path":"/Users/forrest/Desktop/projects/vsrx/packages/@vsrx/react/src/ui/Typography/Typography.tsx","statementMap":{"0":{"start":{"line":1,"column":0},"end":{"line":1,"column":26}},"1":{"start":{"line":2,"column":0},"end":{"line":2,"column":39}},"2":{"start":{"line":4,"column":25},"end":{"line":46,"column":2}},"3":{"start":{"line":59,"column":53},"end":{"line":76,"column":1}},"4":{"start":{"line":65,"column":24},"end":{"line":65,"column":62}},"5":{"start":{"line":66,"column":4},"end":{"line":75,"column":6}},"6":{"start":{"line":71,"column":69},"end":{"line":71,"column":86}},"7":{"start":{"line":59,"column":13},"end":{"line":59,"column":53}}},"fnMap":{"0":{"name":"(anonymous_1)","decl":{"start":{"line":59,"column":53},"end":{"line":59,"column":54}},"loc":{"start":{"line":64,"column":5},"end":{"line":76,"column":1}}},"1":{"name":"(anonymous_2)","decl":{"start":{"line":71,"column":64},"end":{"line":71,"column":65}},"loc":{"start":{"line":71,"column":69},"end":{"line":71,"column":86}}}},"branchMap":{"0":{"loc":{"start":{"line":60,"column":4},"end":{"line":60,"column":20}},"type":"default-arg","locations":[{"start":{"line":60,"column":14},"end":{"line":60,"column":20}}]},"1":{"loc":{"start":{"line":61,"column":4},"end":{"line":61,"column":20}},"type":"default-arg","locations":[{"start":{"line":61,"column":12},"end":{"line":61,"column":20}}]},"2":{"loc":{"start":{"line":62,"column":4},"end":{"line":62,"column":20}},"type":"default-arg","locations":[{"start":{"line":62,"column":12},"end":{"line":62,"column":20}}]},"3":{"loc":{"start":{"line":65,"column":24},"end":{"line":65,"column":62}},"type":"cond-expr","locations":[{"start":{"line":65,"column":47},"end":{"line":65,"column":52}},{"start":{"line":65,"column":55},"end":{"line":65,"column":62}}]}},"s":{"0":1,"1":1,"2":1,"3":1,"4":6,"5":6,"6":7,"7":1},"f":{"0":6,"1":7},"b":{"0":[4],"1":[3],"2":[4],"3":[1,5]}}
}
