TN:
SF:src/ui/Button/Button.tsx
FN:8,(anonymous_2)
FN:86,(anonymous_3)
FN:132,(anonymous_4)
FN:133,(anonymous_5)
FN:142,(anonymous_6)
FNF:5
FNH:5
FNDA:11,(anonymous_2)
FNDA:11,(anonymous_3)
FNDA:11,(anonymous_4)
FNDA:11,(anonymous_5)
FNDA:11,(anonymous_6)
DA:1,1
DA:2,1
DA:8,1
DA:9,11
DA:11,1
DA:16,1
DA:22,9
DA:29,1
DA:42,1
DA:57,1
DA:72,1
DA:86,1
DA:87,11
DA:89,1
DA:91,1
DA:93,1
DA:95,1
DA:97,7
DA:101,1
DA:132,11
DA:133,11
DA:142,11
DA:143,11
LF:23
LH:23
BRDA:9,0,0,1
BRDA:9,0,1,1
BRDA:9,0,2,1
BRDA:9,0,3,9
BRDA:87,1,0,1
BRDA:87,1,1,1
BRDA:87,1,2,1
BRDA:87,1,3,1
BRDA:87,1,4,7
BRF:9
BRH:9
end_of_record
TN:
SF:src/ui/Checkbox/Checkbox.tsx
FN:10,(anonymous_1)
FNF:1
FNH:1
FNDA:3,(anonymous_1)
DA:1,1
DA:10,1
DA:11,3
LF:3
LH:3
BRF:0
BRH:0
end_of_record
TN:
SF:src/ui/Grid/Grid.tsx
FN:17,(anonymous_1)
FN:18,(anonymous_2)
FN:19,(anonymous_3)
FN:24,(anonymous_4)
FN:27,(anonymous_5)
FNF:5
FNH:5
FNDA:1,(anonymous_1)
FNDA:1,(anonymous_2)
FNDA:1,(anonymous_3)
FNDA:4,(anonymous_4)
FNDA:4,(anonymous_5)
DA:1,1
DA:2,1
DA:11,1
DA:16,1
DA:17,1
DA:18,1
DA:19,1
DA:22,1
DA:24,1
DA:25,4
DA:27,1
DA:29,4
DA:31,4
DA:32,3
DA:33,2
DA:39,1
DA:42,1
LF:17
LH:17
BRDA:27,0,0,2
BRDA:27,1,0,3
BRDA:31,2,0,3
BRDA:32,3,0,2
BRF:4
BRH:4
end_of_record
TN:
SF:src/ui/Icon/Icon.tsx
FN:209,(anonymous_1)
FNF:1
FNH:1
FNDA:4,(anonymous_1)
DA:1,1
DA:2,1
DA:209,1
DA:210,4
LF:4
LH:4
BRDA:209,0,0,3
BRF:1
BRH:1
end_of_record
TN:
SF:src/ui/Radio/Radio.tsx
FN:25,(anonymous_1)
FN:49,(anonymous_2)
FN:63,(anonymous_3)
FN:64,(anonymous_4)
FN:70,(anonymous_5)
FN:74,(anonymous_6)
FNF:6
FNH:6
FNDA:11,(anonymous_1)
FNDA:11,(anonymous_2)
FNDA:4,(anonymous_3)
FNDA:1,(anonymous_4)
FNDA:8,(anonymous_5)
FNDA:1,(anonymous_6)
DA:1,1
DA:2,1
DA:4,1
DA:9,1
DA:22,1
DA:25,11
DA:38,1
DA:49,1
DA:50,11
DA:63,1
DA:64,4
DA:65,1
DA:68,4
DA:71,8
DA:72,8
DA:74,1
DA:77,0
LF:17
LH:16
BRDA:25,0,0,4
BRDA:25,0,1,7
BRDA:52,1,0,11
BRDA:52,1,1,7
BRDA:71,2,0,8
BRDA:71,3,0,8
BRDA:71,3,1,8
BRF:7
BRH:7
end_of_record
TN:
SF:src/ui/Typography/Typography.tsx
FN:59,(anonymous_1)
FN:71,(anonymous_2)
FNF:2
FNH:2
FNDA:6,(anonymous_1)
FNDA:7,(anonymous_2)
DA:1,1
DA:2,1
DA:4,1
DA:59,1
DA:65,6
DA:66,6
DA:71,7
LF:7
LH:7
BRDA:60,0,0,4
BRDA:61,1,0,3
BRDA:62,2,0,4
BRDA:65,3,0,1
BRDA:65,3,1,5
BRF:5
BRH:5
end_of_record
